2025-08-03T14:05:18.232Z  INFO 7 --- [CinemaProject] [main] c.N.C.CinemaProjectApplication           : Starting CinemaProjectApplication v0.0.1-SNAPSHOT using Java 21.0.7 with PID 7 (/app/app.jar started by spring in /app)
2025-08-03T14:05:18.236Z DEBUG 7 --- [CinemaProject] [main] c.N.C.CinemaProjectApplication           : Running with Spring Boot v3.5.3, Spring v6.2.8
2025-08-03T14:05:18.238Z  INFO 7 --- [CinemaProject] [main] c.N.C.CinemaProjectApplication           : The following 1 profile is active: "docker"
2025-08-03T14:05:19.754Z  INFO 7 --- [CinemaProject] [main] .s.d.r.c.RepositoryConfigurationDelegate : Bootstrapping Spring Data JPA repositories in DEFAULT mode.
2025-08-03T14:05:20.070Z  INFO 7 --- [CinemaProject] [main] .s.d.r.c.RepositoryConfigurationDelegate : Finished Spring Data repository scanning in 303 ms. Found 11 JPA repository interfaces.
2025-08-03T14:05:22.673Z  INFO 7 --- [CinemaProject] [main] o.s.b.w.embedded.tomcat.TomcatWebServer  : Tomcat initialized with port 8080 (http)
2025-08-03T14:05:22.748Z  INFO 7 --- [CinemaProject] [main] o.apache.catalina.core.StandardService   : Starting service [Tomcat]
2025-08-03T14:05:22.751Z  INFO 7 --- [CinemaProject] [main] o.apache.catalina.core.StandardEngine    : Starting Servlet engine: [Apache Tomcat/10.1.42]
2025-08-03T14:05:22.878Z  INFO 7 --- [CinemaProject] [main] o.a.c.c.C.[Tomcat].[localhost].[/]       : Initializing Spring embedded WebApplicationContext
2025-08-03T14:05:22.880Z  INFO 7 --- [CinemaProject] [main] w.s.c.ServletWebServerApplicationContext : Root WebApplicationContext: initialization completed in 4558 ms
2025-08-03T14:05:23.654Z  INFO 7 --- [CinemaProject] [main] o.hibernate.jpa.internal.util.LogHelper  : HHH000204: Processing PersistenceUnitInfo [name: default]
2025-08-03T14:05:23.759Z  INFO 7 --- [CinemaProject] [main] org.hibernate.Version                    : HHH000412: Hibernate ORM core version 6.6.18.Final
2025-08-03T14:05:23.832Z  INFO 7 --- [CinemaProject] [main] o.h.c.internal.RegionFactoryInitiator    : HHH000026: Second-level cache disabled
2025-08-03T14:05:24.489Z  WARN 7 --- [CinemaProject] [main] org.hibernate.orm.deprecation            : HHH90000021: Encountered deprecated setting [hibernate.temp.use_jdbc_metadata_defaults], use [hibernate.boot.allow_jdbc_metadata_access] instead
2025-08-03T14:05:24.518Z  WARN 7 --- [CinemaProject] [main] org.hibernate.orm.deprecation            : HHH90000025: SQLServerDialect does not need to be specified explicitly using 'hibernate.dialect' (remove the property setting and it will be selected by default)
2025-08-03T14:05:24.546Z  INFO 7 --- [CinemaProject] [main] org.hibernate.orm.connections.pooling    : HHH10001005: Database info:
	Database JDBC URL [undefined/unknown]
	Database driver: undefined/unknown
	Database version: 11.0
	Autocommit mode: undefined/unknown
	Isolation level: <unknown>
	Minimum pool size: undefined/unknown
	Maximum pool size: undefined/unknown
2025-08-03T14:05:25.413Z  INFO 7 --- [CinemaProject] [main] o.h.e.t.j.p.i.JtaPlatformInitiator       : HHH000489: No JTA platform available (set 'hibernate.transaction.jta.platform' to enable JTA platform integration)
2025-08-03T14:05:25.433Z  INFO 7 --- [CinemaProject] [main] com.zaxxer.hikari.HikariDataSource       : CinemaPool - Starting...
2025-08-03T14:05:27.280Z  INFO 7 --- [CinemaProject] [main] com.zaxxer.hikari.pool.HikariPool        : CinemaPool - Added connection ConnectionID:1 ClientConnectionId: 0dc7b714-75de-4df5-bf3a-39535108e1fd
2025-08-03T14:05:27.284Z  INFO 7 --- [CinemaProject] [main] com.zaxxer.hikari.HikariDataSource       : CinemaPool - Start completed.
2025-08-03T14:05:29.786Z  INFO 7 --- [CinemaProject] [main] o.s.d.j.r.query.QueryEnhancerFactory     : Hibernate is in classpath; If applicable, HQL parser will be used.
2025-08-03T14:05:32.120Z  WARN 7 --- [CinemaProject] [main] JpaBaseConfiguration$JpaWebConfiguration : spring.jpa.open-in-view is enabled by default. Therefore, database queries may be performed during view rendering. Explicitly configure spring.jpa.open-in-view to disable this warning
2025-08-03T14:05:32.686Z  INFO 7 --- [CinemaProject] [main] o.s.b.a.e.web.EndpointLinksResolver      : Exposing 2 endpoints beneath base path '/actuator'
2025-08-03T14:05:32.765Z  INFO 7 --- [CinemaProject] [main] r$InitializeUserDetailsManagerConfigurer : Global AuthenticationManager configured with UserDetailsService bean with name userService
2025-08-03T14:05:33.700Z  INFO 7 --- [CinemaProject] [main] o.s.b.w.embedded.tomcat.TomcatWebServer  : Tomcat started on port 8080 (http) with context path '/'
2025-08-03T14:05:33.725Z  INFO 7 --- [CinemaProject] [main] c.N.C.CinemaProjectApplication           : Started CinemaProjectApplication in 16.254 seconds (process running for 18.582)
2025-08-03T14:05:34.996Z  INFO 7 --- [CinemaProject] [http-nio-8080-exec-1] o.a.c.c.C.[Tomcat].[localhost].[/]       : Initializing Spring DispatcherServlet 'dispatcherServlet'
